<?xml version="1.0" encoding="UTF-8"?>
<!-- Generated by org.testng.reporters.JUnitReportReporter -->
<testsuite hostname="DESKTOP-TM83AOV" failures="0" tests="3" name="TestScript.InterestCal" time="18.789" errors="0" timestamp="14 Oct 2021 14:17:37 GMT">
  <testcase classname="TestScript.InterestCal" name="interestCal" time="18.673"/>
  <testcase classname="TestScript.InterestCal" name="totalRepaymentCal" time="0.067"/>
  <testcase classname="TestScript.InterestCal" name="totalInterestCharged" time="0.049"/>
</testsuite> <!-- TestScript.InterestCal -->
